running GA
OFFSPRING_SIZE is 5
for 1 generations
seed: 1
got stim num 0
/global/cscratch1/sd/zladd/axonstandardized/playground/gen_alg_GPU/python 
Length: 73
Start reading file - ReadSimData()
ReadCSVStim 
stim NT:
10000.000000
STIM durs:0.780000 ntempnsets241
reading file ../Data/BasicConst
in stefork
calling initframework p2pCapableGPUs[i] is 0
got stim num 1
/global/cscratch1/sd/zladd/axonstandardized/playground/gen_alg_GPU/python 
Length: 73
Start reading file - ReadSimData()
ReadCSVStim 
stim NT:
10000.000000
STIM durs:0.155000 ntempnsets241
reading file ../Data/BasicConst
in stefork
calling initframework p2pCapableGPUs[i] is 1
got stim num 2
/global/cscratch1/sd/zladd/axonstandardized/playground/gen_alg_GPU/python 
Length: 73
Start reading file - ReadSimData()
ReadCSVStim 
stim NT:
10000.000000
STIM durs:0.155000 ntempnsets241
reading file ../Data/BasicConst
in stefork
calling initframework p2pCapableGPUs[i] is 2
got stim num 3
/global/cscratch1/sd/zladd/axonstandardized/playground/gen_alg_GPU/python 
Length: 73
Start reading file - ReadSimData()
ReadCSVStim 
stim NT:
10000.000000
STIM durs:0.450000 ntempnsets241
got stim num 4
/global/cscratch1/sd/zladd/axonstandardized/playground/gen_alg_GPU/python 
Length: 73
got stim num 7
/global/cscratch1/sd/zladd/axonstandardized/playground/gen_alg_GPU/python 
Length: 73
Start reading file - ReadSimData()
ReadCSVStim 
Start reading file - ReadSimData()
reading file ../Data/BasicConst
in stefork
calling initframework p2pCapableGPUs[i] is 3
ReadCSVStim 
stim NT:
10000.000000
stim NT:
10000.000000
got stim num 6
/global/cscratch1/sd/zladd/axonstandardized/playground/gen_alg_GPU/python 
Length: 73
got stim num 5
/global/cscratch1/sd/zladd/axonstandardized/playground/gen_alg_GPU/python 
Length: 73
Start reading file - ReadSimData()
ReadCSVStim 
STIM durs:0.450000 ntempnsets241
Start reading file - ReadSimData()
ReadCSVStim 
STIM durs:0.525000stim NT:
10000.000000
 ntempnsets241
stim NT:
10000.000000
reading file ../Data/BasicConst
in stefork
calling initframework p2pCapableGPUs[i] is 4
STIM durs:0.275000 ntempnsets241
reading file ../Data/BasicConst
in stefork
calling initframework p2pCapableGPUs[i] is 7
STIM durs:0.525000 ntempnsets241
reading file ../Data/BasicConst
in stefork
calling initframework p2pCapableGPUs[i] is 6
reading file ../Data/BasicConst
in stefork
calling initframework p2pCapableGPUs[i] is 5
done initframework dev0 curr Kernel is 6
calling kernel dev0
in mallocing loop
******
kernel not ran yet
done initframework dev0 curr Kernel is 6
calling kernel dev1
in mallocing loop
******
done initframework dev0 curr Kernel is 6
kernel not ran yet
calling kernel dev3
kernel ran before memcpyasync currkernel run is 6
done copying*&*&*&*&*&*&*
out of the loop
in mallocing loop
******
kernel not ran yet
kernel ran before memcpyasync currkernel run is 6
done copying*&*&*&*&*&*&*
out of the loop
kernel ran before memcpyasync currkernel run is 6
done copying*&*&*&*&*&*&*
out of the loop
done initframework dev0 curr Kernel is 6
calling kernel dev7
done initframework dev0 curr Kernel is 6
calling kernel dev2
done initframework dev0 curr Kernel is 6
calling kernel dev6
in mallocing loop
******
kernel not ran yet
done initframework dev0 curr Kernel is 6
calling kernel dev4
done initframework dev0 curr Kernel is 6
calling kernel dev5
in mallocing loop
******
kernel not ran yet
in mallocing loop
******
kernel not ran yet
in mallocing loop
******
kernel not ran yet
kernel ran before memcpyasync currkernel run is 6
done copying*&*&*&*&*&*&*
out of the loop
in mallocing loop
******
kernel not ran yet
kernel ran before memcpyasync currkernel run is 6
done copying*&*&*&*&*&*&*
out of the loop
kernel ran before memcpyasync currkernel run is 6
done copying*&*&*&*&*&*&*
out of the loop
kernel ran before memcpyasync currkernel run is 6
done copying*&*&*&*&*&*&*
out of the loop
kernel ran before memcpyasync currkernel run is 6
done copying*&*&*&*&*&*&*
out of the loop
done synch1
it took 6838.908691 ms

printing ../Data/VHotP1.dat size is 60000
done synch2
it took 6842.472656 ms

printing ../Data/VHotP2.dat size is 60000
done synch3
it took 6859.792480 ms

printing ../Data/VHotP3.dat size is 60000
done synch5
it took 6863.929199 ms

printing ../Data/VHotP5.dat size is 60000
done synch6
it took 6873.507324 ms
done synch4
it took 6873.703613 ms

printing ../Data/VHotP6.dat size is 60000

printing ../Data/VHotP4.dat size is 60000
done synch7
it took 6886.584473 ms

printing ../Data/VHotP7.dat size is 60000
done synch0
it took 7969.600098 ms

printing ../Data/VHotP0.dat size is 60000
Init target volts
[0.78, 0.155, 0.155, 0.45, 0.45, 0.525, 0.275, 0.525, 0.275, 0.45, 0.155, 0.034999999999999996, 0.155, 0.155, 0.034999999999999996, 0.034999999999999996, 0.034999999999999996, 0.034999999999999996] : DT
Params: (6, 14)
ALL P SHAPE: (6, 4577)
SHAPE DVOLTS: (8, 6, 10000)
got stim num 0
/global/cscratch1/sd/zladd/axonstandardized/playground/gen_alg_GPU/python 
Length: 73
Start reading file - ReadSimData()
ReadCSVStim 
stim NT:
10000.000000
STIM durs:0.780000 ntempnsets241
reading file ../Data/BasicConst
in stefork
calling initframework p2pCapableGPUs[i] is 0
got stim num 2
/global/cscratch1/sd/zladd/axonstandardized/playground/gen_alg_GPU/python 
Length: 73
Start reading file - ReadSimData()
ReadCSVStim 
stim NT:
10000.000000
STIM durs:0.155000 ntempnsets241
reading file ../Data/BasicConst
in stefork
calling initframework p2pCapableGPUs[i] is 2
got stim num 1
/global/cscratch1/sd/zladd/axonstandardized/playground/gen_alg_GPU/python 
Length: 73
got stim num 3
/global/cscratch1/sd/zladd/axonstandardized/playground/gen_alg_GPU/python 
Length: 73
Start reading file - ReadSimData()
ReadCSVStim 
Start reading file - ReadSimData()
stim NT:
ReadCSVStim 
10000.000000
stim NT:
10000.000000
got stim num 5
/global/cscratch1/sd/zladd/axonstandardized/playground/gen_alg_GPU/python 
Length: 73
Start reading file - ReadSimData()
ReadCSVStim 
stim NT:
10000.000000
STIM durs:0.450000 ntempnsets241
got stim num 6
/global/cscratch1/sd/zladd/axonstandardized/playground/gen_alg_GPU/python 
Length: 73
STIM durs:0.155000 ntempnsets241
Start reading file - ReadSimData()
ReadCSVStim 
STIM durs:0.525000 ntempnsets241
stim NT:
10000.000000
reading file ../Data/BasicConst
in stefork
calling initframework p2pCapableGPUs[i] is 3
reading file ../Data/BasicConst
in stefork
calling initframework p2pCapableGPUs[i] is 5
STIM durs:0.275000 ntempnsets241
reading file ../Data/BasicConst
in stefork
calling initframework p2pCapableGPUs[i] is 1
reading file ../Data/BasicConst
in stefork
calling initframework p2pCapableGPUs[i] is 6
got stim num 7
/global/cscratch1/sd/zladd/axonstandardized/playground/gen_alg_GPU/python 
Length: 73
Start reading file - ReadSimData()
got stim num 4
/global/cscratch1/sd/zladd/axonstandardized/playground/gen_alg_GPU/python 
Length: 73
ReadCSVStim 
stim NT:
10000.000000
Start reading file - ReadSimData()
ReadCSVStim 
stim NT:
10000.000000
STIM durs:0.525000 ntempnsets241
STIM durs:0.450000 ntempnsets241
reading file ../Data/BasicConst
in stefork
calling initframework p2pCapableGPUs[i] is 7
reading file ../Data/BasicConst
in stefork
calling initframework p2pCapableGPUs[i] is 4
done initframework dev0 curr Kernel is 6
calling kernel dev0
in mallocing loop
******
kernel not ran yet
kernel ran before memcpyasync currkernel run is 6
done copying*&*&*&*&*&*&*
out of the loop
done initframework dev0 curr Kernel is 6
calling kernel dev5
in mallocing loop
******
kernel not ran yet
kernel ran before memcpyasync currkernel run is 6
done copying*&*&*&*&*&*&*
out of the loop
done initframework dev0 curr Kernel is 6
calling kernel dev2
in mallocing loop
******
kernel not ran yet
kernel ran before memcpyasync currkernel run is 6
done copying*&*&*&*&*&*&*
out of the loop
done initframework dev0 curr Kernel is 6
calling kernel dev6
done initframework dev0 curr Kernel is 6
calling kernel dev3
in mallocing loop
******
kernel not ran yet
in mallocing loop
******
kernel not ran yet
done initframework dev0 curr Kernel is 6
calling kernel dev7
in mallocing loop
******
kernel not ran yet
kernel ran before memcpyasync currkernel run is 6
done copying*&*&*&*&*&*&*
out of the loop
kernel ran before memcpyasync currkernel run is 6
done copying*&*&*&*&*&*&*
out of the loop
done initframework dev0 curr Kernel is 6
calling kernel dev1
kernel ran before memcpyasync currkernel run is 6
done copying*&*&*&*&*&*&*
out of the loop
done initframework dev0 curr Kernel is 6
calling kernel dev4
in mallocing loop
******
kernel not ran yet
in mallocing loop
******
kernel not ran yet
kernel ran before memcpyasync currkernel run is 6
done copying*&*&*&*&*&*&*
out of the loop
kernel ran before memcpyasync currkernel run is 6
done copying*&*&*&*&*&*&*
out of the loop
done synch2
it took 6859.304199 ms

printing ../Data/VHotP2.dat size is 60000
done synch6
it took 6856.715332 ms

printing ../Data/VHotP6.dat size is 60000
done synch5
it took 6874.046875 ms

printing ../Data/VHotP5.dat size is 60000
done synch3
it took 6866.889160 ms
done synch1
it took 6860.198730 ms

printing ../Data/VHotP3.dat size is 60000

printing ../Data/VHotP1.dat size is 60000
done synch4
it took 6878.497559 ms

printing ../Data/VHotP4.dat size is 60000
done synch7
it took 6890.019043 ms

printing ../Data/VHotP7.dat size is 60000
done synch0
it took 7967.696777 ms

printing ../Data/VHotP0.dat size is 60000
SHAPE DVOLTS: (8, 6, 10000)
got stim num 0
/global/cscratch1/sd/zladd/axonstandardized/playground/gen_alg_GPU/python 
Length: 73
got stim num 1
/global/cscratch1/sd/zladd/axonstandardized/playground/gen_alg_GPU/python 
Length: 73
Start reading file - ReadSimData()
ReadCSVStim 
Start reading file - ReadSimData()
ReadCSVStim 
stim NT:
10000.000000
stim NT:
10000.000000
STIM durs:0.780000 ntempnsets241
STIM durs:0.155000 ntempnsets241
reading file ../Data/BasicConst
in stefork
calling initframework p2pCapableGPUs[i] is 0
reading file ../Data/BasicConst
in stefork
calling initframework p2pCapableGPUs[i] is 1
done initframework dev0 curr Kernel is 6
calling kernel dev1
done initframework dev0 curr Kernel is 6
calling kernel dev0
in mallocing loop
******
in mallocing loop
******
kernel not ran yet
kernel not ran yet
kernel ran before memcpyasync currkernel run is 6
done copying*&*&*&*&*&*&*
out of the loop
kernel ran before memcpyasync currkernel run is 6
done copying*&*&*&*&*&*&*
out of the loop
done synch1
it took 6826.374023 ms

printing ../Data/VHotP1.dat size is 60000
done synch0
it took 7968.820801 ms

printing ../Data/VHotP0.dat size is 60000
average neuroGPU runtime:  9.7834781938129
neuroGPU runtimes:  [9.80104661 9.80337238 9.8048377  9.80643988 9.80822515 9.81016636
 9.81119561 9.81360865 9.97069621 9.97130227 9.97276878 9.96834064
 9.96387553 9.95937943 9.95440125 9.9507947  8.97014785 8.96200848]
evaluation took:  [6.260385751724243, 6.354795217514038]
everything took:  26.153494596481323
(6, 1) SCORE SHAPE
Current generation:  1
Hall of fame:  [[8.388046024316111e-06, -66.5999984741211, 4.672187855010787, 0.9257824245272863, 0.04234669252063023, 10.865885779502475, 56.70835552896881, 0.07757742595938161, 0.0010202584521154462, 0.07087630286973585, 0.001099975213956179, 13.871863421252824, 0.004547854269029575, 0.0019249445955028892], [6.387609910994547e-06, -66.5999984741211, 9.017844340101952, 1.4847943530840761, 0.3810068027561736, 24.521149645502618, 49.79442559683623, 0.14374353424159658, 0.0022883872686469253, 0.2537062256161904, 0.0009493979049963966, 0.6183327893040138, 0.0022496437258439903, 0.0008636992650793538], [2.2891955856332397e-05, -66.5999984741211, 14.81964837873168, 0.8892676912061811, 0.28455598664708714, 25.905426594631763, 79.23196075474489, 0.020078513876074476, 0.0011590739763343756, 0.012876755059120733, 0.0009080708618989614, 7.5524658991088875, 0.0002531688641800643, 0.000649506704341719], [2.3260524860353012e-05, -66.5999984741211, 11.982400970357657, 2.2844860561020566, 0.3123644002856757, 0.6261267151682618, 71.64840269023169, 0.14654202177617026, 0.0009399580514890317, 0.05343945653543517, 0.0038401400261414754, 5.079783420706261, 0.0007106923486758614, 0.0003320525204389862], [3.0225088498167517e-05, -66.5999984741211, 42.475490748014046, 2.819872583683666, 0.20823332494279598, 37.085951523989095, 34.127237742154215, 0.1163127266852742, 0.002252309628068665, 0.2028810761492332, 0.003460990089194368, 8.607363880880875, 0.004938532465558256, 0.00017384967443190302]] 

log:  gen	nevals	avg    	std    	min    	max    
1  	6     	3781.18	81.0614	3645.09	3897.31 

History:  <deap.tools.support.History object at 0x2aaabd9ce9e8> 

Best individuals:  [[8.388046024316111e-06, -66.5999984741211, 4.672187855010787, 0.9257824245272863, 0.04234669252063023, 10.865885779502475, 56.70835552896881, 0.07757742595938161, 0.0010202584521154462, 0.07087630286973585, 0.001099975213956179, 13.871863421252824, 0.004547854269029575, 0.0019249445955028892]] 

